Build started 14/05/2011 02:06:16.
     1>Project "C:\Users\Apo\Documents\My Dropbox\DUTh\5o etos\9o e3amhno\multimedia\Projects\CamCalib\CamCalib\CamCalib.vcxproj" on node 2 (build target(s)).
     1>InitializeBuildStatus:
         Touching "Debug\CamCalib.unsuccessfulbuild".
       GenerateTargetFrameworkMonikerAttribute:
       Skipping target "GenerateTargetFrameworkMonikerAttribute" because all output files are up-to-date with respect to the input files.
       ClCompile:
         All outputs are up-to-date.
         All outputs are up-to-date.
         All outputs are up-to-date.
       CoreResGen:
         All outputs are up-to-date.
       ResourceCompile:
         All outputs are up-to-date.
       Link:
         C:\Program Files (x86)\Microsoft Visual Studio 10.0\VC\bin\link.exe /ERRORREPORT:PROMPT /OUT:"C:\Users\Apo\Documents\My Dropbox\DUTh\5o etos\9o e3amhno\multimedia\Projects\CamCalib\Debug\CamCalib.exe" /INCREMENTAL /NOLOGO cv210.lib cxcore210.lib highgui210.lib kernel32.lib user32.lib gdi32.lib winspool.lib comdlg32.lib advapi32.lib shell32.lib ole32.lib oleaut32.lib uuid.lib odbc32.lib odbccp32.lib /ASSEMBLYRESOURCE:Debug\CamCalib.Form1.resources /MANIFEST /ManifestFile:"Debug\CamCalib.exe.intermediate.manifest" /MANIFESTUAC:"level='asInvoker' uiAccess='false'" /DEBUG /PDB:"C:\Users\Apo\Documents\My Dropbox\DUTh\5o etos\9o e3amhno\multimedia\Projects\CamCalib\Debug\CamCalib.pdb" /ASSEMBLYDEBUG /SUBSYSTEM:WINDOWS /TLBID:1 /ENTRY:"main" /DYNAMICBASE /FIXED:NO /NXCOMPAT /MACHINE:X86 Debug\app.res
         Debug\AssemblyInfo.obj
         Debug\CamCalib.obj
         Debug\stdafx.obj
         "Debug\.NETFramework,Version=v4.0.AssemblyAttributes.obj"
         C:\OpenCV2.1\lib\cv210.lib
         C:\OpenCV2.1\lib\cv210d.lib
         C:\OpenCV2.1\lib\cvaux210.lib
         C:\OpenCV2.1\lib\cvaux210d.lib
         C:\OpenCV2.1\lib\cxcore210.lib
         C:\OpenCV2.1\lib\cxcore210d.lib
         C:\OpenCV2.1\lib\cxts210.lib
         C:\OpenCV2.1\lib\highgui210.lib
         C:\OpenCV2.1\lib\highgui210d.lib
         C:\OpenCV2.1\lib\ml210.lib
         C:\OpenCV2.1\lib\ml210d.lib
         C:\OpenCV2.1\lib\opencv_ffmpeg210.lib
         C:\OpenCV2.1\lib\opencv_ffmpeg210d.lib
     1>CamCalib.obj : warning LNK4248: unresolved typeref token (01000038) for 'CvCapture'; image may not run
         CamCalib.vcxproj -> C:\Users\Apo\Documents\My Dropbox\DUTh\5o etos\9o e3amhno\multimedia\Projects\CamCalib\Debug\CamCalib.exe
       Manifest:
         C:\Program Files (x86)\Microsoft SDKs\Windows\v7.0A\bin\mt.exe /nologo /verbose /outputresource:"C:\Users\Apo\Documents\My Dropbox\DUTh\5o etos\9o e3amhno\multimedia\Projects\CamCalib\Debug\CamCalib.exe;#1" /manifest Debug\CamCalib.exe.intermediate.manifest
       FinalizeBuildStatus:
         Deleting file "Debug\CamCalib.unsuccessfulbuild".
         Touching "Debug\CamCalib.lastbuildstate".
     1>Done Building Project "C:\Users\Apo\Documents\My Dropbox\DUTh\5o etos\9o e3amhno\multimedia\Projects\CamCalib\CamCalib\CamCalib.vcxproj" (build target(s)).

Build succeeded.

Time Elapsed 00:00:17.16
